---------- Date: 2017-04-17 14:49:53 ~ IP : 202.39.70.43 ----------
REQUEST URI : /mall/admin/index.php?route=common/dashboard&token=187fc958f981d0eb20c844f07120b2d8
MOD DETAILS:
   modFile   : /home/twlifelinkcom/public_html/mall/vqmod/xml/waabay_mvd_core_20150404_.xml
   id        : Multi Vendor Drop Shipper 2.0.2.0 - Coded by waabay.com
   version   : 1.0
   vqmver    : 2.5.1
   author    : waabay
VQModObject::parseMods - Could not resolve path for [admin/language/english/common/profile.php] (SKIPPED)
VQModObject::parseMods - Could not resolve path for [catalog/language/english/checkout.php] (SKIPPED)

----------------------------------------------------------------------


---------- Date: 2017-04-17 15:23:07 ~ IP : 202.39.70.43 ----------
REQUEST URI : /mall/admin/index.php?route=extension/module&token=bf545f0918826ad2d40a9260677ce3cf
MOD DETAILS:
   modFile   : /home/twlifelinkcom/public_html/mall/vqmod/xml/waabay_mvd_core_20150404_.xml
   id        : Multi Vendor Drop Shipper 2.0.2.0 - Coded by waabay.com
   version   : 1.0
   vqmver    : 2.5.1
   author    : waabay
VQModObject::parseMods - Could not resolve path for [admin/language/english/common/profile.php] (SKIPPED)
VQModObject::parseMods - Could not resolve path for [catalog/language/english/checkout.php] (SKIPPED)

----------------------------------------------------------------------


---------- Date: 2017-04-17 15:24:36 ~ IP : 202.39.70.43 ----------
REQUEST URI : /mall/admin/index.php?route=user/user_permission&token=bf545f0918826ad2d40a9260677ce3cf
MOD DETAILS:
   modFile   : /home/twlifelinkcom/public_html/mall/vqmod/xml/waabay_mvd_core_20150404_.xml
   id        : Multi Vendor Drop Shipper 2.0.2.0 - Coded by waabay.com
   version   : 1.0
   vqmver    : 2.5.1
   author    : waabay
VQModObject::parseMods - Could not resolve path for [admin/language/english/common/profile.php] (SKIPPED)
VQModObject::parseMods - Could not resolve path for [catalog/language/english/checkout.php] (SKIPPED)

MOD DETAILS:
   modFile   : /home/twlifelinkcom/public_html/mall/vqmod/xml/waabay_mvd_mbanner_20160427.xml
   id        : Multi Vendor/Dropshipper Vendor Landing Page Extender  - Coded by waabay.com
   version   : 1.0.0
   vqmver    : 2.2.5
   author    : waabay
VQModObject::parseMods - Could not resolve path for [catalog/controller/module/mvd_store_box.php] (SKIPPED)
VQModObject::parseMods - Could not resolve path for [catalog/language/english/module/mvd_store_box.php] (SKIPPED)
VQModObject::parseMods - Could not resolve path for [catalog/view/theme/default/template/module/mvd_store_box.tpl] (SKIPPED)
----------------------------------------------------------------------


---------- Date: 2017-04-17 15:32:28 ~ IP : 202.39.70.43 ----------
REQUEST URI : /mall/admin/index.php?route=extension/modification&token=bf545f0918826ad2d40a9260677ce3cf
MOD DETAILS:
   modFile   : /home/twlifelinkcom/public_html/mall/vqmod/xml/waabay_mvd_core_20150404_.xml
   id        : Multi Vendor Drop Shipper 2.0.2.0 - Coded by waabay.com
   version   : 1.0
   vqmver    : 2.5.1
   author    : waabay
VQModObject::parseMods - Could not resolve path for [admin/language/english/common/profile.php] (SKIPPED)
VQModObject::parseMods - Could not resolve path for [catalog/language/english/checkout.php] (SKIPPED)

MOD DETAILS:
   modFile   : /home/twlifelinkcom/public_html/mall/vqmod/xml/waabay_mvd_mbanner_20160427.xml
   id        : Multi Vendor/Dropshipper Vendor Landing Page Extender  - Coded by waabay.com
   version   : 1.0.0
   vqmver    : 2.2.5
   author    : waabay
VQModObject::parseMods - Could not resolve path for [catalog/controller/module/mvd_store_box.php] (SKIPPED)
VQModObject::parseMods - Could not resolve path for [catalog/language/english/module/mvd_store_box.php] (SKIPPED)
VQModObject::parseMods - Could not resolve path for [catalog/view/theme/default/template/module/mvd_store_box.tpl] (SKIPPED)
----------------------------------------------------------------------


---------- Date: 2017-04-17 17:33:45 ~ IP : 202.39.70.43 ----------
REQUEST URI : /mall/index.php?route=product/product&product_id=52
MOD DETAILS:
   modFile   : /home/twlifelinkcom/public_html/mall/vqmod/xml/waabay_mvd_core_20150404_.xml
   id        : Multi Vendor Drop Shipper 2.0.2.0 - Coded by waabay.com
   version   : 1.0
   vqmver    : 2.5.1
   author    : waabay
VQModObject::parseMods - Could not resolve path for [admin/language/english/common/profile.php] (SKIPPED)
VQModObject::parseMods - Could not resolve path for [catalog/language/english/checkout.php] (SKIPPED)

MOD DETAILS:
   modFile   : /home/twlifelinkcom/public_html/mall/vqmod/xml/waabay_mvd_mbanner_20160427.xml
   id        : Multi Vendor/Dropshipper Vendor Landing Page Extender  - Coded by waabay.com
   version   : 1.0.0
   vqmver    : 2.2.5
   author    : waabay
VQModObject::parseMods - Could not resolve path for [catalog/controller/module/mvd_store_box.php] (SKIPPED)
VQModObject::parseMods - Could not resolve path for [catalog/language/english/module/mvd_store_box.php] (SKIPPED)
VQModObject::parseMods - Could not resolve path for [catalog/view/theme/default/template/module/mvd_store_box.tpl] (SKIPPED)
----------------------------------------------------------------------


---------- Date: 2017-04-17 17:38:01 ~ IP : 202.39.70.43 ----------
REQUEST URI : /mall/admin/index.php?route=extension/module&token=1f4c3503416bec2a3dfe2123f4c36691
MOD DETAILS:
   modFile   : /home/twlifelinkcom/public_html/mall/vqmod/xml/waabay_mvd_core_20150404_.xml
   id        : Multi Vendor Drop Shipper 2.0.2.0 - Coded by waabay.com
   version   : 1.0
   vqmver    : 2.5.1
   author    : waabay
VQModObject::parseMods - Could not resolve path for [admin/language/english/common/profile.php] (SKIPPED)
VQModObject::parseMods - Could not resolve path for [catalog/language/english/checkout.php] (SKIPPED)

MOD DETAILS:
   modFile   : /home/twlifelinkcom/public_html/mall/vqmod/xml/waabay_mvd_mbanner_20160427.xml
   id        : Multi Vendor/Dropshipper Vendor Landing Page Extender  - Coded by waabay.com
   version   : 1.0.0
   vqmver    : 2.2.5
   author    : waabay
VQModObject::parseMods - Could not resolve path for [catalog/controller/module/mvd_store_box.php] (SKIPPED)
VQModObject::parseMods - Could not resolve path for [catalog/language/english/module/mvd_store_box.php] (SKIPPED)
VQModObject::parseMods - Could not resolve path for [catalog/view/theme/default/template/module/mvd_store_box.tpl] (SKIPPED)
----------------------------------------------------------------------


